<?xml version="1.0" encoding="UTF-8"?>
<testng-results skipped="0" failed="0" ignored="0" total="3" passed="3">
  <reporter-output>
  </reporter-output>
  <suite name="Default suite" duration-ms="62" started-at="2020-08-16T10:31:13Z" finished-at="2020-08-16T10:31:13Z">
    <groups>
    </groups>
    <test name="Default test" duration-ms="62" started-at="2020-08-16T10:31:13Z" finished-at="2020-08-16T10:31:13Z">
      <class name="package1.Name">
        <test-method status="PASS" signature="test1()[pri:0, instance:package1.Name@29b5cd00]" name="test1" duration-ms="15" started-at="2020-08-16T10:31:13Z" finished-at="2020-08-16T10:31:13Z">
          <reporter-output>
          </reporter-output>
        </test-method> <!-- test1 -->
        <test-method status="PASS" signature="test2()[pri:0, instance:package1.Name@29b5cd00]" name="test2" duration-ms="0" started-at="2020-08-16T10:31:13Z" finished-at="2020-08-16T10:31:13Z">
          <reporter-output>
          </reporter-output>
        </test-method> <!-- test2 -->
        <test-method status="PASS" signature="test3()[pri:0, instance:package1.Name@29b5cd00]" name="test3" duration-ms="0" started-at="2020-08-16T10:31:13Z" finished-at="2020-08-16T10:31:13Z">
          <reporter-output>
          </reporter-output>
        </test-method> <!-- test3 -->
      </class> <!-- package1.Name -->
    </test> <!-- Default test -->
  </suite> <!-- Default suite -->
</testng-results>
